<?xml version="1.0" ?>
<coverage branch-rate="0.6774" line-rate="0.7974" timestamp="1445354688122" version="4.0.1">
	<!-- Generated by coverage.py: https://coverage.readthedocs.org -->
	<!-- Based on https://raw.githubusercontent.com/cobertura/web/f0366e5e2cf18f111cbd61fc34ef720a6584ba02/htdocs/xml/coverage-03.dtd -->
	<sources>
		<source>/Users/peak/Documents/stevepeak/tornwrap</source>
	</sources>
	<packages>
		<package branch-rate="0.6774" complexity="0" line-rate="0.7974" name="tornwrap">
			<classes>
				<class branch-rate="1" complexity="0" filename="tornwrap/__init__.py" line-rate="1" name="__init__.py">
					<methods/>
					<lines>
						<line hits="1" number="1"/>
						<line hits="1" number="2"/>
						<line hits="1" number="3"/>
						<line hits="1" number="4"/>
						<line hits="1" number="5"/>
						<line hits="1" number="6"/>
						<line hits="1" number="7"/>
						<line hits="1" number="9"/>
						<line hits="1" number="11"/>
					</lines>
				</class>
				<class branch-rate="0" complexity="0" filename="tornwrap/endpoint.py" line-rate="0.1463" name="endpoint.py">
					<methods/>
					<lines>
						<line hits="1" number="1"/>
						<line hits="1" number="2"/>
						<line hits="1" number="3"/>
						<line hits="1" number="4"/>
						<line hits="1" number="5"/>
						<line hits="1" number="8"/>
						<line hits="0" number="9"/>
						<line hits="0" number="20"/>
						<line hits="0" number="21"/>
						<line hits="0" number="23"/>
						<line hits="0" number="24"/>
						<line branch="true" condition-coverage="0% (0/2)" hits="0" missing-branches="26,28" number="25"/>
						<line hits="0" number="26"/>
						<line hits="0" number="28"/>
						<line branch="true" condition-coverage="0% (0/2)" hits="0" missing-branches="30,32" number="29"/>
						<line hits="0" number="30"/>
						<line branch="true" condition-coverage="0% (0/2)" hits="0" missing-branches="35,47" number="32"/>
						<line branch="true" condition-coverage="0% (0/2)" hits="0" missing-branches="36,40" number="35"/>
						<line hits="0" number="36"/>
						<line branch="true" condition-coverage="0% (0/2)" hits="0" missing-branches="41,47" number="40"/>
						<line hits="0" number="41"/>
						<line branch="true" condition-coverage="0% (0/2)" hits="0" missing-branches="43,47" number="42"/>
						<line hits="0" number="43"/>
						<line hits="0" number="47"/>
						<line branch="true" condition-coverage="0% (0/2)" hits="0" missing-branches="49,63" number="48"/>
						<line hits="0" number="49"/>
						<line hits="0" number="50"/>
						<line hits="0" number="51"/>
						<line hits="0" number="52"/>
						<line hits="0" number="53"/>
						<line hits="0" number="54"/>
						<line hits="0" number="55"/>
						<line hits="0" number="56"/>
						<line hits="0" number="57"/>
						<line hits="0" number="58"/>
						<line hits="0" number="59"/>
						<line hits="0" number="63"/>
						<line branch="true" condition-coverage="0% (0/2)" hits="0" missing-branches="65,67" number="64"/>
						<line hits="0" number="65"/>
						<line hits="0" number="67"/>
						<line hits="0" number="69"/>
					</lines>
				</class>
				<class branch-rate="0.5417" complexity="0" filename="tornwrap/handler.py" line-rate="0.7163" name="handler.py">
					<methods/>
					<lines>
						<line hits="1" number="1"/>
						<line hits="1" number="2"/>
						<line hits="1" number="3"/>
						<line hits="1" number="4"/>
						<line hits="1" number="5"/>
						<line hits="1" number="6"/>
						<line hits="1" number="7"/>
						<line hits="1" number="8"/>
						<line hits="1" number="9"/>
						<line hits="1" number="10"/>
						<line hits="1" number="11"/>
						<line hits="1" number="12"/>
						<line hits="1" number="13"/>
						<line hits="1" number="15"/>
						<line hits="1" number="18"/>
						<line hits="1" number="27"/>
						<line hits="1" number="28"/>
						<line hits="1" number="30"/>
						<line hits="1" number="31"/>
						<line branch="true" condition-coverage="50% (1/2)" hits="1" missing-branches="33" number="32"/>
						<line hits="0" number="33"/>
						<line hits="1" number="35"/>
						<line hits="1" number="37"/>
						<line hits="1" number="39"/>
						<line branch="true" condition-coverage="50% (1/2)" hits="1" missing-branches="41" number="40"/>
						<line hits="0" number="41"/>
						<line hits="1" number="42"/>
						<line hits="1" number="43"/>
						<line hits="1" number="50"/>
						<line hits="1" number="51"/>
						<line hits="1" number="53"/>
						<line branch="true" condition-coverage="0% (0/2)" hits="0" missing-branches="56,60" number="55"/>
						<line hits="0" number="56"/>
						<line hits="0" number="57"/>
						<line hits="0" number="58"/>
						<line hits="0" number="59"/>
						<line hits="0" number="60"/>
						<line hits="1" number="62"/>
						<line hits="1" number="63"/>
						<line hits="1" number="65"/>
						<line hits="0" number="70"/>
						<line hits="1" number="72"/>
						<line hits="1" number="73"/>
						<line hits="1" number="75"/>
						<line branch="true" condition-coverage="50% (1/2)" hits="1" missing-branches="79" number="78"/>
						<line hits="0" number="79"/>
						<line hits="0" number="80"/>
						<line hits="0" number="81"/>
						<line hits="0" number="82"/>
						<line hits="1" number="84"/>
						<line hits="1" number="85"/>
						<line hits="1" number="86"/>
						<line hits="1" number="88"/>
						<line branch="true" condition-coverage="100% (2/2)" hits="1" number="92"/>
						<line hits="1" number="93"/>
						<line hits="1" number="94"/>
						<line hits="1" number="96"/>
						<line hits="1" number="98"/>
						<line hits="1" number="100"/>
						<line hits="1" number="101"/>
						<line hits="1" number="102"/>
						<line hits="1" number="103"/>
						<line hits="1" number="104"/>
						<line hits="1" number="105"/>
						<line hits="1" number="109"/>
						<line branch="true" condition-coverage="50% (1/2)" hits="1" missing-branches="112" number="110"/>
						<line hits="1" number="111"/>
						<line hits="1" number="112"/>
						<line hits="1" number="113"/>
						<line hits="1" number="114"/>
						<line hits="1" number="115"/>
						<line hits="1" number="116"/>
						<line hits="1" number="118"/>
						<line branch="true" condition-coverage="50% (1/2)" hits="1" missing-branches="120" number="119"/>
						<line branch="true" condition-coverage="0% (0/2)" hits="0" missing-branches="121,122" number="120"/>
						<line hits="0" number="121"/>
						<line hits="0" number="122"/>
						<line hits="1" number="124"/>
						<line branch="true" condition-coverage="50% (1/2)" hits="1" missing-branches="126" number="125"/>
						<line hits="0" number="126"/>
						<line hits="0" number="127"/>
						<line hits="0" number="128"/>
						<line hits="0" number="129"/>
						<line hits="0" number="131"/>
						<line hits="0" number="132"/>
						<line hits="0" number="133"/>
						<line hits="0" number="134"/>
						<line hits="0" number="136"/>
						<line hits="0" number="137"/>
						<line hits="1" number="139"/>
						<line branch="true" condition-coverage="100% (2/2)" hits="1" number="140"/>
						<line hits="1" number="147"/>
						<line hits="1" number="150"/>
						<line hits="1" number="155"/>
						<line hits="1" number="156"/>
						<line branch="true" condition-coverage="50% (1/2)" hits="1" missing-branches="187" number="157"/>
						<line hits="1" number="158"/>
						<line hits="1" number="160"/>
						<line branch="true" condition-coverage="50% (1/2)" hits="1" missing-branches="162" number="161"/>
						<line hits="0" number="162"/>
						<line branch="true" condition-coverage="0% (0/2)" hits="0" missing-branches="164,167" number="163"/>
						<line hits="0" number="164"/>
						<line hits="0" number="165"/>
						<line hits="0" number="167"/>
						<line branch="true" condition-coverage="50% (1/2)" hits="1" missing-branches="170" number="169"/>
						<line hits="0" number="170"/>
						<line hits="0" number="171"/>
						<line hits="0" number="172"/>
						<line branch="true" condition-coverage="100% (2/2)" hits="1" number="174"/>
						<line hits="1" number="175"/>
						<line branch="true" condition-coverage="50% (1/2)" hits="1" missing-branches="178" number="177"/>
						<line hits="0" number="178"/>
						<line branch="true" condition-coverage="50% (1/2)" hits="1" missing-branches="181" number="180"/>
						<line hits="0" number="181"/>
						<line hits="0" number="182"/>
						<line hits="1" number="185"/>
						<line hits="1" number="187"/>
						<line hits="1" number="188"/>
						<line hits="1" number="192"/>
						<line branch="true" condition-coverage="100% (2/2)" hits="1" number="195"/>
						<line hits="1" number="196"/>
						<line branch="true" condition-coverage="100% (2/2)" hits="1" number="198"/>
						<line hits="1" number="199"/>
						<line hits="1" number="200"/>
						<line hits="1" number="201"/>
						<line hits="1" number="203"/>
						<line branch="true" condition-coverage="100% (2/2)" hits="1" number="204"/>
						<line hits="1" number="205"/>
						<line branch="true" condition-coverage="50% (1/2)" hits="1" missing-branches="207" number="206"/>
						<line branch="true" condition-coverage="0% (0/2)" hits="0" missing-branches="209,215" number="207"/>
						<line hits="0" number="209"/>
						<line hits="1" number="213"/>
						<line branch="true" condition-coverage="50% (1/2)" hits="1" missing-branches="226" number="215"/>
						<line hits="1" number="216"/>
						<line hits="1" number="217"/>
						<line hits="1" number="218"/>
						<line hits="1" number="219"/>
						<line branch="true" condition-coverage="50% (1/2)" hits="1" missing-branches="222" number="221"/>
						<line hits="0" number="222"/>
						<line hits="1" number="226"/>
						<line hits="1" number="227"/>
					</lines>
				</class>
				<class branch-rate="0.8333" complexity="0" filename="tornwrap/helpers.py" line-rate="0.95" name="helpers.py">
					<methods/>
					<lines>
						<line hits="1" number="1"/>
						<line hits="1" number="2"/>
						<line hits="1" number="3"/>
						<line hits="1" number="4"/>
						<line hits="1" number="5"/>
						<line hits="1" number="7"/>
						<line hits="1" number="8"/>
						<line hits="1" number="13"/>
						<line branch="true" condition-coverage="100% (2/2)" hits="1" number="14"/>
						<line hits="1" number="15"/>
						<line branch="true" condition-coverage="100% (2/2)" hits="1" number="16"/>
						<line hits="1" number="17"/>
						<line branch="true" condition-coverage="50% (1/2)" hits="1" missing-branches="20" number="18"/>
						<line hits="1" number="19"/>
						<line hits="0" number="20"/>
						<line hits="1" number="23"/>
						<line hits="1" number="24"/>
						<line hits="1" number="27"/>
						<line hits="1" number="30"/>
						<line hits="1" number="31"/>
					</lines>
				</class>
				<class branch-rate="0.75" complexity="0" filename="tornwrap/intercom.py" line-rate="0.8421" name="intercom.py">
					<methods/>
					<lines>
						<line hits="1" number="1"/>
						<line hits="1" number="2"/>
						<line hits="1" number="3"/>
						<line hits="1" number="4"/>
						<line hits="1" number="5"/>
						<line hits="1" number="6"/>
						<line hits="1" number="7"/>
						<line hits="1" number="8"/>
						<line hits="1" number="10"/>
						<line hits="1" number="11"/>
						<line hits="1" number="13"/>
						<line hits="1" number="17"/>
						<line hits="1" number="21"/>
						<line hits="1" number="22"/>
						<line hits="1" number="23"/>
						<line hits="1" number="24"/>
						<line hits="1" number="26"/>
						<line hits="1" number="28"/>
						<line hits="1" number="29"/>
						<line hits="1" number="31"/>
						<line hits="0" number="32"/>
						<line hits="0" number="33"/>
						<line hits="1" number="35"/>
						<line hits="1" number="36"/>
						<line hits="1" number="37"/>
						<line hits="1" number="38"/>
						<line hits="1" number="40"/>
						<line hits="1" number="41"/>
						<line hits="1" number="42"/>
						<line hits="1" number="43"/>
						<line hits="1" number="45"/>
						<line hits="1" number="46"/>
						<line hits="0" number="47"/>
						<line hits="0" number="48"/>
						<line hits="1" number="50"/>
						<line hits="1" number="51"/>
						<line hits="0" number="52"/>
						<line hits="0" number="53"/>
						<line hits="1" number="55"/>
						<line branch="true" condition-coverage="50% (1/2)" hits="1" missing-branches="61" number="57"/>
						<line hits="1" number="58"/>
						<line hits="1" number="61"/>
						<line hits="1" number="62"/>
						<line hits="1" number="63"/>
						<line branch="true" condition-coverage="100% (2/2)" hits="1" number="64"/>
						<line hits="1" number="65"/>
						<line hits="1" number="69"/>
						<line hits="1" number="73"/>
						<line hits="1" number="74"/>
						<line hits="1" number="76"/>
						<line hits="1" number="77"/>
						<line hits="1" number="78"/>
						<line hits="1" number="80"/>
						<line hits="1" number="81"/>
						<line hits="0" number="83"/>
						<line hits="0" number="84"/>
						<line hits="0" number="85"/>
					</lines>
				</class>
				<class branch-rate="0.5" complexity="0" filename="tornwrap/logger.py" line-rate="0.8409" name="logger.py">
					<methods/>
					<lines>
						<line hits="1" number="1"/>
						<line hits="1" number="2"/>
						<line hits="1" number="3"/>
						<line hits="1" number="4"/>
						<line hits="1" number="5"/>
						<line hits="1" number="6"/>
						<line hits="1" number="7"/>
						<line hits="1" number="8"/>
						<line hits="1" number="9"/>
						<line hits="1" number="11"/>
						<line hits="1" number="13"/>
						<line hits="1" number="15"/>
						<line hits="1" number="16"/>
						<line hits="1" number="19"/>
						<line hits="1" number="20"/>
						<line hits="1" number="21"/>
						<line hits="1" number="22"/>
						<line hits="1" number="23"/>
						<line hits="1" number="24"/>
						<line hits="1" number="33"/>
						<line hits="1" number="36"/>
						<line hits="1" number="37"/>
						<line hits="0" number="38"/>
						<line hits="1" number="54"/>
						<line hits="1" number="55"/>
						<line hits="0" number="56"/>
						<line hits="0" number="57"/>
						<line hits="1" number="59"/>
						<line hits="1" number="62"/>
						<line hits="1" number="63"/>
						<line hits="1" number="64"/>
						<line hits="1" number="81"/>
						<line hits="0" number="83"/>
						<line hits="0" number="84"/>
						<line hits="1" number="87"/>
						<line branch="true" condition-coverage="50% (1/2)" hits="1" missing-branches="90" number="88"/>
						<line hits="0" number="90"/>
						<line hits="1" number="92"/>
						<line hits="1" number="99"/>
						<line hits="1" number="100"/>
						<line hits="1" number="102"/>
						<line branch="true" condition-coverage="50% (1/2)" hits="1" missing-branches="104" number="103"/>
						<line hits="0" number="104"/>
						<line hits="1" number="105"/>
					</lines>
				</class>
				<class branch-rate="0.9167" complexity="0" filename="tornwrap/ratelimited.py" line-rate="1" name="ratelimited.py">
					<methods/>
					<lines>
						<line hits="1" number="1"/>
						<line hits="1" number="4"/>
						<line branch="true" condition-coverage="100% (2/2)" hits="1" number="16"/>
						<line hits="1" number="17"/>
						<line hits="1" number="18"/>
						<line hits="1" number="20"/>
						<line branch="true" condition-coverage="100% (2/2)" hits="1" number="22"/>
						<line hits="1" number="23"/>
						<line hits="1" number="24"/>
						<line hits="1" number="26"/>
						<line hits="1" number="28"/>
						<line hits="1" number="29"/>
						<line hits="1" number="31"/>
						<line branch="true" condition-coverage="100% (2/2)" hits="1" number="32"/>
						<line hits="1" number="33"/>
						<line hits="1" number="39"/>
						<line hits="1" number="44"/>
						<line hits="1" number="45"/>
						<line branch="true" condition-coverage="100% (2/2)" hits="1" number="46"/>
						<line hits="1" number="47"/>
						<line hits="1" number="48"/>
						<line hits="1" number="50"/>
						<line hits="1" number="53"/>
						<line hits="1" number="54"/>
						<line hits="1" number="55"/>
						<line branch="true" condition-coverage="100% (2/2)" hits="1" number="57"/>
						<line hits="1" number="58"/>
						<line hits="1" number="59"/>
						<line branch="true" condition-coverage="50% (1/2)" hits="1" missing-branches="64" number="60"/>
						<line hits="1" number="61"/>
						<line hits="1" number="64"/>
						<line hits="1" number="66"/>
						<line hits="1" number="68"/>
					</lines>
				</class>
				<class branch-rate="0.8" complexity="0" filename="tornwrap/stripe.py" line-rate="0.8182" name="stripe.py">
					<methods/>
					<lines>
						<line hits="1" number="1"/>
						<line hits="1" number="2"/>
						<line hits="1" number="3"/>
						<line hits="1" number="4"/>
						<line hits="1" number="5"/>
						<line hits="1" number="6"/>
						<line hits="1" number="7"/>
						<line hits="1" number="8"/>
						<line hits="1" number="10"/>
						<line hits="1" number="11"/>
						<line hits="1" number="13"/>
						<line hits="1" number="23"/>
						<line hits="1" number="27"/>
						<line hits="1" number="28"/>
						<line hits="1" number="29"/>
						<line hits="1" number="30"/>
						<line hits="1" number="32"/>
						<line hits="1" number="34"/>
						<line hits="1" number="35"/>
						<line hits="1" number="37"/>
						<line hits="0" number="38"/>
						<line hits="0" number="39"/>
						<line hits="1" number="41"/>
						<line hits="1" number="42"/>
						<line hits="0" number="43"/>
						<line hits="0" number="44"/>
						<line hits="1" number="46"/>
						<line hits="1" number="47"/>
						<line hits="1" number="48"/>
						<line hits="1" number="49"/>
						<line hits="1" number="51"/>
						<line hits="1" number="52"/>
						<line hits="0" number="53"/>
						<line hits="0" number="54"/>
						<line hits="1" number="56"/>
						<line hits="1" number="57"/>
						<line hits="0" number="58"/>
						<line hits="0" number="59"/>
						<line hits="1" number="61"/>
						<line branch="true" condition-coverage="50% (1/2)" hits="1" missing-branches="67" number="63"/>
						<line hits="1" number="64"/>
						<line hits="1" number="67"/>
						<line hits="1" number="68"/>
						<line hits="1" number="69"/>
						<line branch="true" condition-coverage="50% (1/2)" hits="1" missing-branches="71" number="70"/>
						<line hits="0" number="71"/>
						<line hits="1" number="74"/>
						<line hits="1" number="77"/>
						<line hits="1" number="79"/>
						<line hits="1" number="80"/>
						<line hits="1" number="81"/>
						<line hits="1" number="83"/>
						<line hits="1" number="84"/>
						<line hits="0" number="86"/>
						<line hits="0" number="87"/>
						<line hits="0" number="88"/>
						<line hits="1" number="90"/>
						<line hits="1" number="97"/>
						<line branch="true" condition-coverage="100% (2/2)" hits="1" number="98"/>
						<line branch="true" condition-coverage="100% (2/2)" hits="1" number="99"/>
						<line hits="1" number="100"/>
						<line branch="true" condition-coverage="100% (2/2)" hits="1" number="101"/>
						<line hits="1" number="102"/>
						<line hits="1" number="103"/>
						<line hits="1" number="105"/>
						<line hits="1" number="106"/>
					</lines>
				</class>
				<class branch-rate="1" complexity="0" filename="tornwrap/validated.py" line-rate="1" name="validated.py">
					<methods/>
					<lines>
						<line hits="1" number="1"/>
						<line hits="1" number="2"/>
						<line hits="1" number="3"/>
						<line hits="1" number="4"/>
						<line hits="1" number="5"/>
						<line hits="1" number="7"/>
						<line hits="1" number="10"/>
						<line branch="true" condition-coverage="100% (2/2)" hits="1" number="11"/>
						<line hits="1" number="12"/>
						<line branch="true" condition-coverage="100% (2/2)" hits="1" number="13"/>
						<line hits="1" number="14"/>
						<line branch="true" condition-coverage="100% (2/2)" hits="1" number="15"/>
						<line hits="1" number="16"/>
						<line branch="true" condition-coverage="100% (2/2)" hits="1" number="17"/>
						<line hits="1" number="18"/>
						<line hits="1" number="20"/>
						<line hits="1" number="21"/>
						<line branch="true" condition-coverage="100% (2/2)" hits="1" number="26"/>
						<line hits="1" number="27"/>
						<line hits="1" number="28"/>
						<line hits="1" number="29"/>
						<line hits="1" number="31"/>
						<line hits="1" number="32"/>
						<line hits="1" number="33"/>
						<line hits="1" number="34"/>
						<line hits="1" number="36"/>
						<line branch="true" condition-coverage="100% (2/2)" hits="1" number="38"/>
						<line hits="1" number="39"/>
						<line branch="true" condition-coverage="100% (2/2)" hits="1" number="44"/>
						<line branch="true" condition-coverage="100% (2/2)" hits="1" number="46"/>
						<line hits="1" number="47"/>
						<line hits="1" number="49"/>
						<line hits="1" number="50"/>
						<line branch="true" condition-coverage="100% (3/3)" hits="1" number="52"/>
						<line hits="1" number="53"/>
						<line hits="1" number="55"/>
						<line hits="1" number="57"/>
						<line hits="1" number="58"/>
					</lines>
				</class>
				<class branch-rate="0.8611" complexity="0" filename="tornwrap/validators.py" line-rate="0.8773" name="validators.py">
					<methods/>
					<lines>
						<line hits="1" number="1"/>
						<line hits="1" number="2"/>
						<line hits="1" number="3"/>
						<line hits="1" number="6"/>
						<line hits="1" number="7"/>
						<line hits="1" number="8"/>
						<line hits="1" number="9"/>
						<line hits="1" number="11"/>
						<line branch="true" condition-coverage="100% (2/2)" hits="1" number="12"/>
						<line hits="1" number="13"/>
						<line hits="1" number="14"/>
						<line branch="true" condition-coverage="100% (2/2)" hits="1" number="15"/>
						<line hits="1" number="16"/>
						<line branch="true" condition-coverage="100% (2/2)" hits="1" number="17"/>
						<line hits="1" number="18"/>
						<line hits="1" number="20"/>
						<line hits="1" number="23"/>
						<line hits="1" number="24"/>
						<line hits="1" number="25"/>
						<line hits="1" number="33"/>
						<line hits="1" number="34"/>
						<line hits="1" number="35"/>
						<line branch="true" condition-coverage="100% (2/2)" hits="1" number="36"/>
						<line hits="1" number="37"/>
						<line hits="1" number="39"/>
						<line hits="1" number="42"/>
						<line hits="1" number="43"/>
						<line hits="1" number="44"/>
						<line hits="1" number="47"/>
						<line hits="1" number="48"/>
						<line hits="1" number="49"/>
						<line hits="1" number="51"/>
						<line hits="1" number="52"/>
						<line hits="1" number="53"/>
						<line hits="1" number="56"/>
						<line hits="1" number="57"/>
						<line hits="1" number="58"/>
						<line hits="1" number="60"/>
						<line hits="1" number="61"/>
						<line hits="1" number="62"/>
						<line hits="1" number="65"/>
						<line hits="1" number="66"/>
						<line hits="1" number="67"/>
						<line hits="1" number="70"/>
						<line hits="1" number="71"/>
						<line hits="1" number="72"/>
						<line hits="1" number="74"/>
						<line hits="1" number="75"/>
						<line hits="1" number="76"/>
						<line hits="1" number="79"/>
						<line hits="1" number="80"/>
						<line hits="1" number="81"/>
						<line hits="1" number="84"/>
						<line hits="1" number="85"/>
						<line hits="1" number="86"/>
						<line hits="1" number="89"/>
						<line hits="1" number="90"/>
						<line hits="1" number="92"/>
						<line branch="true" condition-coverage="100% (2/2)" hits="1" number="93"/>
						<line hits="1" number="94"/>
						<line hits="1" number="95"/>
						<line hits="1" number="98"/>
						<line hits="1" number="99"/>
						<line hits="1" number="101"/>
						<line hits="1" number="102"/>
						<line hits="1" number="103"/>
						<line hits="1" number="104"/>
						<line hits="1" number="105"/>
						<line hits="1" number="106"/>
						<line hits="1" number="109"/>
						<line hits="1" number="110"/>
						<line hits="1" number="112"/>
						<line hits="0" number="113"/>
						<line hits="0" number="114"/>
						<line hits="0" number="115"/>
						<line hits="0" number="116"/>
						<line hits="0" number="117"/>
						<line hits="1" number="120"/>
						<line hits="1" number="121"/>
						<line hits="1" number="123"/>
						<line hits="1" number="124"/>
						<line hits="1" number="125"/>
						<line hits="1" number="126"/>
						<line hits="1" number="127"/>
						<line hits="1" number="128"/>
						<line hits="1" number="131"/>
						<line hits="1" number="132"/>
						<line hits="1" number="134"/>
						<line hits="1" number="135"/>
						<line branch="true" condition-coverage="100% (2/2)" hits="1" number="136"/>
						<line hits="1" number="137"/>
						<line hits="1" number="139"/>
						<line branch="true" condition-coverage="100% (2/2)" hits="1" number="140"/>
						<line branch="true" condition-coverage="100% (2/2)" hits="1" number="141"/>
						<line hits="1" number="142"/>
						<line hits="1" number="143"/>
						<line hits="1" number="146"/>
						<line hits="1" number="147"/>
						<line hits="1" number="149"/>
						<line hits="0" number="150"/>
						<line branch="true" condition-coverage="0% (0/2)" hits="0" missing-branches="152,155" number="151"/>
						<line branch="true" condition-coverage="0% (0/2)" hits="0" missing-branches="153,154" number="152"/>
						<line hits="0" number="153"/>
						<line hits="0" number="154"/>
						<line hits="0" number="155"/>
						<line hits="0" number="156"/>
						<line hits="0" number="157"/>
						<line hits="1" number="160"/>
						<line hits="1" number="161"/>
						<line hits="1" number="163"/>
						<line hits="0" number="164"/>
						<line hits="0" number="165"/>
						<line hits="1" number="168"/>
						<line hits="1" number="169"/>
						<line hits="1" number="170"/>
						<line hits="1" number="172"/>
						<line branch="true" condition-coverage="100% (2/2)" hits="1" number="173"/>
						<line hits="1" number="174"/>
						<line branch="true" condition-coverage="100% (2/2)" hits="1" number="175"/>
						<line hits="1" number="176"/>
						<line branch="true" condition-coverage="100% (2/2)" hits="1" number="177"/>
						<line hits="1" number="178"/>
						<line hits="1" number="179"/>
						<line branch="true" condition-coverage="100% (2/2)" hits="1" number="180"/>
						<line hits="1" number="181"/>
						<line hits="1" number="182"/>
						<line hits="1" number="183"/>
						<line hits="1" number="184"/>
						<line hits="0" number="185"/>
						<line hits="0" number="186"/>
						<line hits="1" number="189"/>
						<line hits="1" number="190"/>
						<line hits="1" number="191"/>
						<line hits="1" number="193"/>
						<line branch="true" condition-coverage="100% (2/2)" hits="1" number="194"/>
						<line hits="1" number="195"/>
						<line hits="1" number="197"/>
						<line branch="true" condition-coverage="100% (2/2)" hits="1" number="198"/>
						<line hits="1" number="199"/>
						<line hits="1" number="200"/>
						<line branch="true" condition-coverage="100% (2/2)" hits="1" number="201"/>
						<line hits="1" number="202"/>
						<line branch="true" condition-coverage="50% (1/2)" hits="1" missing-branches="204" number="203"/>
						<line hits="0" number="204"/>
						<line hits="1" number="205"/>
						<line hits="1" number="206"/>
						<line hits="0" number="207"/>
						<line hits="0" number="208"/>
						<line hits="1" number="211"/>
						<line hits="1" number="212"/>
						<line hits="1" number="213"/>
						<line hits="1" number="216"/>
						<line hits="1" number="217"/>
						<line hits="1" number="218"/>
						<line hits="1" number="221"/>
						<line hits="1" number="222"/>
						<line hits="1" number="223"/>
						<line hits="1" number="226"/>
						<line hits="1" number="227"/>
						<line hits="1" number="228"/>
						<line hits="1" number="231"/>
						<line hits="1" number="232"/>
						<line hits="1" number="233"/>
					</lines>
				</class>
			</classes>
		</package>
	</packages>
</coverage>
